<?xml version="1.0" encoding="UTF-8"?>
<testsuite xmlns:xsi="http://www.w3.org/2001/XMLSchema-instance" xsi:schemaLocation="https://maven.apache.org/surefire/maven-surefire-plugin/xsd/surefire-test-report.xsd" name="Scenario: Find how many we are" time="0.028" tests="2" errors="0" skipped="1" failures="0">
  <properties>
[...]
</properties>
  <testcase name="When go to webpage, find how many people we are" classname="Scenario: Find how many we are" time="0">
    <skipped/>
    <system-out><![CDATA[#@regression
Feature: 
]]></system-out>
  </testcase>
  <testcase name="Scenario: Find how many we are" classname="Scenario: Find how many we are" time="0">
    <skipped/>
  </testcase>
  <testcase name="Scenario: Find how many we are" classname="Scenario: Find how many we are" time="0.001"/>
</testsuite>